[14:42:45] [main/INFO]: Environment: authHost='https://authserver.mojang.com', accountsHost='https://api.mojang.com', sessionHost='https://sessionserver.mojang.com', servicesHost='https://api.minecraftservices.com', name='PROD'
[14:42:45] [main/WARN]: Ambiguity between arguments [teleport, destination] and [teleport, targets] with inputs: [Player, 0123, @e, dd12be42-52a9-4a91-a8a1-11c01849e498]
[14:42:45] [main/WARN]: Ambiguity between arguments [teleport, location] and [teleport, destination] with inputs: [0.1 -0.5 .9, 0 0 0]
[14:42:45] [main/WARN]: Ambiguity between arguments [teleport, location] and [teleport, targets] with inputs: [0.1 -0.5 .9, 0 0 0]
[14:42:45] [main/WARN]: Ambiguity between arguments [teleport, targets] and [teleport, destination] with inputs: [Player, 0123, dd12be42-52a9-4a91-a8a1-11c01849e498]
[14:42:45] [main/WARN]: Ambiguity between arguments [teleport, targets, location] and [teleport, targets, destination] with inputs: [0.1 -0.5 .9, 0 0 0]
[14:42:45] [main/INFO]: Reloading ResourceManager: Default, multiplayer_sleep_v1.0.1 (1).zip
[14:42:46] [Worker-Main-8/INFO]: Loaded 7 recipes
[14:42:46] [Worker-Main-8/INFO]: Loaded 931 advancements
[14:42:47] [Server thread/INFO]: Starting minecraft server version 1.16.5
[14:42:47] [Server thread/INFO]: Loading properties
[14:42:47] [Server thread/INFO]: Default game type: SURVIVAL
[14:42:47] [Server thread/INFO]: Generating keypair
[14:42:47] [Server thread/INFO]: Starting Minecraft server on *:3778
[14:42:47] [Server thread/INFO]: Using default channel type
[14:42:47] [Server thread/WARN]: **** SERVER IS RUNNING IN OFFLINE/INSECURE MODE!
[14:42:47] [Server thread/WARN]: The server will make no attempt to authenticate usernames. Beware.
[14:42:47] [Server thread/WARN]: While this makes the game possible to play without internet access, it also opens up the ability for hackers to connect with any username they choose.
[14:42:47] [Server thread/WARN]: To change this, set "online-mode" to "true" in the server.properties file.
[14:42:47] [Server thread/INFO]: Preparing level "world"
[14:42:47] [Server thread/INFO]: Preparing start region for dimension minecraft:overworld
[14:42:48] [Server thread/INFO]: Preparing spawn area: 0%
[14:42:48] [Server thread/INFO]: Preparing spawn area: 0%
[14:42:49] [Server thread/INFO]: Time elapsed: 1058 ms
[14:42:49] [Server thread/INFO]: Done (1.138s)! For help, type "help"
[14:43:43] [Server thread/INFO]: Tatan[/200.124.108.105:62868] logged in with entity id 51 at (-1258.300000011921, 73.0, 2136.452093530116)
[14:43:43] [Server thread/INFO]: Tatan joined the game
[14:43:47] [Server thread/INFO]: green_destroyer[/127.0.0.1:64439] logged in with entity id 627 at (-1281.8353304597197, 83.0, 1817.0324310335097)
[14:43:47] [Server thread/INFO]: green_destroyer joined the game
[14:44:07] [Server thread/INFO]: green_destroyer lost connection: Disconnected
[14:44:07] [Server thread/INFO]: green_destroyer left the game
[14:44:21] [Server thread/INFO]: Tatan was slain by Spider
[14:45:24] [Server thread/INFO]: Stopping the server
[14:45:24] [Server thread/INFO]: Stopping server
[14:45:24] [Server thread/INFO]: Saving players
[14:45:24] [Server thread/INFO]: Saving worlds
[14:45:24] [Server thread/INFO]: Saving chunks for level 'ServerLevel[world]'/minecraft:overworld
[14:45:25] [Server thread/INFO]: ThreadedAnvilChunkStorage (world): All chunks are saved
[14:45:25] [Server thread/INFO]: Saving chunks for level 'ServerLevel[world]'/minecraft:the_nether
[14:45:25] [Server thread/INFO]: ThreadedAnvilChunkStorage (DIM-1): All chunks are saved
[14:45:25] [Server thread/INFO]: Saving chunks for level 'ServerLevel[world]'/minecraft:the_end
[14:45:25] [Server thread/INFO]: ThreadedAnvilChunkStorage (DIM1): All chunks are saved
[14:45:25] [Server thread/INFO]: ThreadedAnvilChunkStorage (world): All chunks are saved
[14:45:25] [Server thread/INFO]: ThreadedAnvilChunkStorage (DIM-1): All chunks are saved
[14:45:25] [Server thread/INFO]: ThreadedAnvilChunkStorage (DIM1): All chunks are saved
